<?xml version="1.0" encoding="UTF-8"?>
<testsuite xmlns:xsi="http://www.w3.org/2001/XMLSchema-instance" xsi:noNamespaceSchemaLocation="https://maven.apache.org/surefire/maven-surefire-plugin/xsd/surefire-test-report.xsd" name="com.example.AppTest" time="0.081" tests="1" errors="0" skipped="0" failures="0">
  <properties>
    <property name="java.specification.version" value="21"/>
    <property name="maven.user.extensions" value="C:\Users\marin/.m2/extensions.xml"/>
    <property name="sun.cpu.isalist" value="amd64"/>
    <property name="sun.jnu.encoding" value="Cp1252"/>
    <property name="java.class.path" value="C:\Users\marin\Desktop\SafeDriveMonitor\demo\target\test-classes;C:\Users\marin\Desktop\SafeDriveMonitor\demo\target\classes;C:\Users\marin\.m2\repository\junit\junit\4.11\junit-4.11.jar;C:\Users\marin\.m2\repository\org\hamcrest\hamcrest-core\1.3\hamcrest-core-1.3.jar;C:\Users\marin\.m2\repository\org\openjfx\javafx-controls\20\javafx-controls-20.jar;C:\Users\marin\.m2\repository\org\openjfx\javafx-controls\20\javafx-controls-20-win.jar;C:\Users\marin\.m2\repository\org\openjfx\javafx-graphics\20\javafx-graphics-20.jar;C:\Users\marin\.m2\repository\org\openjfx\javafx-graphics\20\javafx-graphics-20-win.jar;C:\Users\marin\.m2\repository\org\openjfx\javafx-base\20\javafx-base-20.jar;C:\Users\marin\.m2\repository\org\openjfx\javafx-base\20\javafx-base-20-win.jar;C:\Users\marin\.m2\repository\org\openjfx\javafx-fxml\20\javafx-fxml-20.jar;C:\Users\marin\.m2\repository\org\openjfx\javafx-fxml\20\javafx-fxml-20-win.jar;C:\Users\marin\.m2\repository\org\xerial\sqlite-jdbc\3.36.0.3\sqlite-jdbc-3.36.0.3.jar;"/>
    <property name="java.vm.vendor" value="Oracle Corporation"/>
    <property name="sun.arch.data.model" value="64"/>
    <property name="user.variant" value=""/>
    <property name="maven.user.toolchains" value="C:\Users\marin/.m2/toolchains.xml"/>
    <property name="java.vendor.url" value="https://java.oracle.com/"/>
    <property name="user.timezone" value="Europe/Rome"/>
    <property name="java.vm.specification.version" value="21"/>
    <property name="os.name" value="Windows 10"/>
    <property name="maven.repo.central" value="https://repo.maven.apache.org/maven2"/>
    <property name="sun.java.launcher" value="SUN_STANDARD"/>
    <property name="user.country" value="IT"/>
    <property name="session.topDirectory" value="C:\Users\marin\Desktop\SafeDriveMonitor\demo"/>
    <property name="sun.boot.library.path" value="C:\Program Files\Java\jdk-21\bin"/>
    <property name="sun.java.command" value="C:\Users\marin\AppData\Local\Temp\surefire5939485914962356248\surefirebooter10648233453160001153.jar C:\Users\marin\AppData\Local\Temp\surefire5939485914962356248 2024-12-25T11-42-05_164-jvmRun1 surefire15557063022253530434tmp surefire_012148344478524969852tmp"/>
    <property name="maven.project.settings" value="${session.rootDirectory}/.mvn/settings.xml"/>
    <property name="jdk.debug" value="release"/>
    <property name="surefire.test.class.path" value="C:\Users\marin\Desktop\SafeDriveMonitor\demo\target\test-classes;C:\Users\marin\Desktop\SafeDriveMonitor\demo\target\classes;C:\Users\marin\.m2\repository\junit\junit\4.11\junit-4.11.jar;C:\Users\marin\.m2\repository\org\hamcrest\hamcrest-core\1.3\hamcrest-core-1.3.jar;C:\Users\marin\.m2\repository\org\openjfx\javafx-controls\20\javafx-controls-20.jar;C:\Users\marin\.m2\repository\org\openjfx\javafx-controls\20\javafx-controls-20-win.jar;C:\Users\marin\.m2\repository\org\openjfx\javafx-graphics\20\javafx-graphics-20.jar;C:\Users\marin\.m2\repository\org\openjfx\javafx-graphics\20\javafx-graphics-20-win.jar;C:\Users\marin\.m2\repository\org\openjfx\javafx-base\20\javafx-base-20.jar;C:\Users\marin\.m2\repository\org\openjfx\javafx-base\20\javafx-base-20-win.jar;C:\Users\marin\.m2\repository\org\openjfx\javafx-fxml\20\javafx-fxml-20.jar;C:\Users\marin\.m2\repository\org\openjfx\javafx-fxml\20\javafx-fxml-20-win.jar;C:\Users\marin\.m2\repository\org\xerial\sqlite-jdbc\3.36.0.3\sqlite-jdbc-3.36.0.3.jar;"/>
    <property name="sun.cpu.endian" value="little"/>
    <property name="user.home" value="C:\Users\marin"/>
    <property name="user.language" value="it"/>
    <property name="java.specification.vendor" value="Oracle Corporation"/>
    <property name="java.version.date" value="2024-01-16"/>
    <property name="java.home" value="C:\Program Files\Java\jdk-21"/>
    <property name="maven.user.conf" value="C:\Users\marin/.m2"/>
    <property name="file.separator" value="\"/>
    <property name="basedir" value="C:\Users\marin\Desktop\SafeDriveMonitor\demo"/>
    <property name="java.vm.compressedOopsMode" value="32-bit"/>
    <property name="line.separator" value="&#10;"/>
    <property name="java.vm.specification.vendor" value="Oracle Corporation"/>
    <property name="java.specification.name" value="Java Platform API Specification"/>
    <property name="maven.project.conf" value="${session.rootDirectory}/.mvn"/>
    <property name="surefire.real.class.path" value="C:\Users\marin\AppData\Local\Temp\surefire5939485914962356248\surefirebooter10648233453160001153.jar"/>
    <property name="user.script" value=""/>
    <property name="sun.management.compiler" value="HotSpot 64-Bit Tiered Compilers"/>
    <property name="java.runtime.version" value="21.0.2+13-LTS-58"/>
    <property name="user.name" value="marin"/>
    <property name="stdout.encoding" value="Cp1252"/>
    <property name="maven.installation.conf" value="C:\Users\marin\Desktop\Files\apache-maven-4.0.0-rc-1/conf"/>
    <property name="path.separator" value=";"/>
    <property name="os.version" value="10.0"/>
    <property name="java.runtime.name" value="Java(TM) SE Runtime Environment"/>
    <property name="file.encoding" value="UTF-8"/>
    <property name="maven.installation.toolchains" value="C:\Users\marin\Desktop\Files\apache-maven-4.0.0-rc-1/conf/toolchains.xml"/>
    <property name="java.vm.name" value="Java HotSpot(TM) 64-Bit Server VM"/>
    <property name="localRepository" value="C:\Users\marin\.m2\repository"/>
    <property name="maven.project.extensions" value="${session.rootDirectory}/.mvn/extensions.xml"/>
    <property name="java.vendor.url.bug" value="https://bugreport.java.com/bugreport/"/>
    <property name="java.io.tmpdir" value="C:\Users\marin\AppData\Local\Temp\"/>
    <property name="maven.installation.extensions" value="C:\Users\marin\Desktop\Files\apache-maven-4.0.0-rc-1/conf/extensions.xml"/>
    <property name="java.version" value="21.0.2"/>
    <property name="user.dir" value="C:\Users\marin\Desktop\SafeDriveMonitor\demo"/>
    <property name="os.arch" value="amd64"/>
    <property name="java.vm.specification.name" value="Java Virtual Machine Specification"/>
    <property name="sun.os.patch.level" value=""/>
    <property name="native.encoding" value="Cp1252"/>
    <property name="java.library.path" value="C:\Program Files\Java\jdk-21\bin;C:\Windows\Sun\Java\bin;C:\Windows\system32;C:\Windows;C:\Users\marin\bin;C:\Program Files\Git\mingw64\bin;C:\Program Files\Git\usr\local\bin;C:\Program Files\Git\usr\bin;C:\Program Files\Git\usr\bin;C:\Program Files\Git\mingw64\bin;C:\Program Files\Git\usr\bin;C:\Users\marin\bin;C:\Program Files\Common Files\Oracle\Java\javapath;C:\Program Files (x86)\Common Files\Oracle\Java\java8path;C:\Program Files (x86)\Common Files\Oracle\Java\javapath;C:\Windows\system32;C:\Windows;C:\Windows\System32\Wbem;C:\Windows\System32\WindowsPowerShell\v1.0;C:\Windows\System32\OpenSSH;C:\Program Files\Git\cmd;C:\Users\marin\Desktop\Files\apache-maven-4.0.0-rc-1\bin;C:\Users\marin\AppData\Local\Microsoft\WindowsApps;C:\Users\marin\AppData\Local\Programs\Ollama;C:\Users\marin\AppData\Local\Programs\Microsoft VS Code\bin;C:\Program Files\Git\usr\bin\vendor_perl;C:\Program Files\Git\usr\bin\core_perl;."/>
    <property name="java.vm.info" value="mixed mode, sharing"/>
    <property name="stderr.encoding" value="Cp1252"/>
    <property name="java.vendor" value="Oracle Corporation"/>
    <property name="java.vm.version" value="21.0.2+13-LTS-58"/>
    <property name="maven.installation.settings" value="C:\Users\marin\Desktop\Files\apache-maven-4.0.0-rc-1/conf/settings.xml"/>
    <property name="sun.io.unicode.encoding" value="UnicodeLittle"/>
    <property name="maven.user.settings" value="C:\Users\marin/.m2/settings.xml"/>
    <property name="java.class.version" value="65.0"/>
  </properties>
  <testcase name="shouldAnswerWithTrue" classname="com.example.AppTest" time="0.01"/>
</testsuite>